00:14:57 | INFO | Run config | profile=max test_size=0.20 random_state=42
00:14:57 | INFO | Tolerance thresholds: [0.5, 1.0, 2.0, 2.5, 3.0, 5.0]
00:14:57 | INFO | Parallel config | search_n_jobs=-1 rf_n_jobs=1 search_verbose=2 verbose=True
00:14:57 | INFO | Auto model selection enabled | candidates profile='max'
00:14:57 | INFO | Candidate set: ['linguistic_extra_trees', 'hybrid_tfidf_hgb', 'embedding_tfidf_mlp', 'embedding_transformer_ridge', 'hybrid_transformer_hgb']
00:14:57 | INFO | Dataset source | local file: data/cross_difficulty_train.csv
00:14:57 | INFO | START | Load and prepare dataset
00:14:57 | INFO | DONE  | Load and prepare dataset (0.05s)
00:14:57 | INFO | Raw target stats | mean=1.1045 std=2.3218 min=-7.4621 max=33.4177
00:14:57 | INFO | START | Target winsorization
00:14:57 | INFO | DONE  | Target winsorization (0.00s)
00:14:57 | INFO | Winsorization | q=(0.010, 0.990) bounds=(-3.0655, 6.9929) clipped=460 rows
00:14:57 | INFO | Rows after cleaning: 22938
00:14:57 | INFO | Post-winsor target stats | mean=1.0646 std=1.9959 min=-3.0655 max=6.9929
00:14:57 | INFO | START | Train/test split
00:14:57 | INFO | DONE  | Train/test split (0.00s)
00:14:57 | INFO | Split sizes | train=18350 test=4588
00:14:57 | INFO | Domain coverage | train_domains=8 test_domains=8
00:14:57 | INFO | Candidate 1/5 -> linguistic_extra_trees
00:14:57 | INFO | [linguistic_extra_trees] config | feature_mode=linguistic embedding_backend=tfidf embedding_dim=256 regressor=extra_trees n_iter=24 domain_strategy=all
00:14:57 | INFO | [linguistic_extra_trees] train rows=18350 (filtered_out=0) bloom_feature=False
00:14:57 | INFO | START | [linguistic_extra_trees] Feature extraction
00:17:03 | INFO | DONE  | [linguistic_extra_trees] Feature extraction (125.96s)
00:17:03 | INFO | START | [linguistic_extra_trees] Hyperparameter search
00:18:49 | INFO | DONE  | [linguistic_extra_trees] Hyperparameter search (105.72s)
00:18:49 | INFO | START | [linguistic_extra_trees] Isotonic calibration
00:19:02 | INFO | DONE  | [linguistic_extra_trees] Isotonic calibration (12.90s)
00:19:02 | INFO | START | [linguistic_extra_trees] Evaluate on test set
00:19:02 | INFO | DONE  | [linguistic_extra_trees] Evaluate on test set (0.55s)
00:19:17 | INFO | [linguistic_extra_trees] results | cv_mae=1.2966 cv_mse=2.8080 cv_r2=0.2991 test_mae=1.2471 raw_test_mae=1.2488 test_r2=0.3161
00:19:17 | INFO | [linguistic_extra_trees] domain-aware | test_mae=1.2103 acc_within_2.5=88.62%
00:19:17 | INFO | Current best candidate -> linguistic_extra_trees (domain_acc_within_2.5=88.62% domain_test_mae=1.2103 cv_mae=1.2966)
00:19:17 | INFO | Candidate 2/5 -> hybrid_tfidf_hgb
00:19:17 | INFO | [hybrid_tfidf_hgb] config | feature_mode=hybrid embedding_backend=tfidf embedding_dim=384 regressor=hgb n_iter=26 domain_strategy=all
00:19:17 | INFO | [hybrid_tfidf_hgb] train rows=18350 (filtered_out=0) bloom_feature=False
00:19:17 | INFO | START | [hybrid_tfidf_hgb] Feature extraction
00:21:27 | INFO | DONE  | [hybrid_tfidf_hgb] Feature extraction (130.52s)
00:21:27 | INFO | START | [hybrid_tfidf_hgb] Hyperparameter search
00:22:12 | INFO | DONE  | [hybrid_tfidf_hgb] Hyperparameter search (44.90s)
00:22:12 | INFO | START | [hybrid_tfidf_hgb] Isotonic calibration
00:22:17 | INFO | DONE  | [hybrid_tfidf_hgb] Isotonic calibration (4.50s)
00:22:17 | INFO | START | [hybrid_tfidf_hgb] Evaluate on test set
00:22:17 | INFO | DONE  | [hybrid_tfidf_hgb] Evaluate on test set (0.04s)
00:22:27 | INFO | [hybrid_tfidf_hgb] results | cv_mae=1.2886 cv_mse=2.7200 cv_r2=0.3211 test_mae=1.2504 raw_test_mae=1.2530 test_r2=0.3300
00:22:27 | INFO | [hybrid_tfidf_hgb] domain-aware | test_mae=1.1964 acc_within_2.5=89.47%
00:22:27 | INFO | Current best candidate -> hybrid_tfidf_hgb (domain_acc_within_2.5=89.47% domain_test_mae=1.1964 cv_mae=1.2886)
00:22:27 | INFO | Candidate 3/5 -> embedding_tfidf_mlp
00:22:27 | INFO | [embedding_tfidf_mlp] config | feature_mode=embedding embedding_backend=tfidf embedding_dim=384 regressor=mlp n_iter=24 domain_strategy=all
00:22:27 | INFO | [embedding_tfidf_mlp] train rows=18350 (filtered_out=0) bloom_feature=False
00:22:27 | INFO | START | [embedding_tfidf_mlp] Feature extraction
00:22:32 | INFO | DONE  | [embedding_tfidf_mlp] Feature extraction (4.65s)
00:22:32 | INFO | START | [embedding_tfidf_mlp] Hyperparameter search
00:23:34 | INFO | DONE  | [embedding_tfidf_mlp] Hyperparameter search (61.58s)
00:23:34 | INFO | START | [embedding_tfidf_mlp] Isotonic calibration
00:23:38 | INFO | DONE  | [embedding_tfidf_mlp] Isotonic calibration (4.53s)
00:23:38 | INFO | START | [embedding_tfidf_mlp] Evaluate on test set
00:23:38 | INFO | DONE  | [embedding_tfidf_mlp] Evaluate on test set (0.01s)
00:23:43 | INFO | [embedding_tfidf_mlp] results | cv_mae=1.3116 cv_mse=2.8426 cv_r2=0.2906 test_mae=1.2775 raw_test_mae=1.2814 test_r2=0.3059
00:23:43 | INFO | [embedding_tfidf_mlp] domain-aware | test_mae=1.2689 acc_within_2.5=87.90%
00:23:43 | INFO | Candidate 4/5 -> embedding_transformer_ridge
00:23:43 | INFO | [embedding_transformer_ridge] config | feature_mode=embedding embedding_backend=transformer embedding_dim=768 regressor=ridge n_iter=24 domain_strategy=all
00:23:43 | INFO | [embedding_transformer_ridge] train rows=18350 (filtered_out=0) bloom_feature=False
00:23:43 | INFO | START | [embedding_transformer_ridge] Feature extraction
00:27:18 | INFO | DONE  | [embedding_transformer_ridge] Feature extraction (214.59s)
00:27:18 | INFO | START | [embedding_transformer_ridge] Hyperparameter search
00:28:15 | INFO | DONE  | [embedding_transformer_ridge] Hyperparameter search (57.03s)
00:28:15 | INFO | START | [embedding_transformer_ridge] Isotonic calibration
00:28:16 | INFO | DONE  | [embedding_transformer_ridge] Isotonic calibration (1.30s)
00:28:16 | INFO | START | [embedding_transformer_ridge] Evaluate on test set
00:28:16 | INFO | DONE  | [embedding_transformer_ridge] Evaluate on test set (0.01s)
00:28:18 | INFO | [embedding_transformer_ridge] results | cv_mae=1.3263 cv_mse=2.8385 cv_r2=0.2914 test_mae=1.2969 raw_test_mae=1.3007 test_r2=0.2923
00:28:18 | INFO | [embedding_transformer_ridge] domain-aware | test_mae=1.2431 acc_within_2.5=88.60%
00:28:18 | INFO | Candidate 5/5 -> hybrid_transformer_hgb
00:28:18 | INFO | [hybrid_transformer_hgb] config | feature_mode=hybrid embedding_backend=transformer embedding_dim=768 regressor=hgb n_iter=24 domain_strategy=all
00:28:18 | INFO | [hybrid_transformer_hgb] train rows=18350 (filtered_out=0) bloom_feature=False
00:28:18 | INFO | START | [hybrid_transformer_hgb] Feature extraction
00:33:04 | INFO | DONE  | [hybrid_transformer_hgb] Feature extraction (286.67s)
00:33:04 | INFO | START | [hybrid_transformer_hgb] Hyperparameter search
00:34:37 | INFO | DONE  | [hybrid_transformer_hgb] Hyperparameter search (92.90s)
00:34:37 | INFO | START | [hybrid_transformer_hgb] Isotonic calibration
00:34:48 | INFO | DONE  | [hybrid_transformer_hgb] Isotonic calibration (10.97s)
00:34:48 | INFO | START | [hybrid_transformer_hgb] Evaluate on test set
00:34:48 | INFO | DONE  | [hybrid_transformer_hgb] Evaluate on test set (0.04s)
00:35:21 | INFO | [hybrid_transformer_hgb] results | cv_mae=1.3018 cv_mse=2.7499 cv_r2=0.3137 test_mae=1.2631 raw_test_mae=1.2654 test_r2=0.3253
00:35:21 | INFO | [hybrid_transformer_hgb] domain-aware | test_mae=1.2003 acc_within_2.5=89.10%
00:35:21 | INFO | Model leaderboard (sorted by CV for reference):
00:35:21 | INFO |   1) hybrid_tfidf_hgb | cv_mae=1.2886 cv_mse=2.7200 test_mae=1.2504 domain_test_mae=1.1964 domain_acc_within_2.5=89.47%
00:35:21 | INFO |   2) linguistic_extra_trees | cv_mae=1.2966 cv_mse=2.8080 test_mae=1.2471 domain_test_mae=1.2103 domain_acc_within_2.5=88.62%
00:35:21 | INFO |   3) hybrid_transformer_hgb | cv_mae=1.3018 cv_mse=2.7499 test_mae=1.2631 domain_test_mae=1.2003 domain_acc_within_2.5=89.10%
00:35:21 | INFO |   4) embedding_tfidf_mlp | cv_mae=1.3116 cv_mse=2.8426 test_mae=1.2775 domain_test_mae=1.2689 domain_acc_within_2.5=87.90%
00:35:21 | INFO |   5) embedding_transformer_ridge | cv_mae=1.3263 cv_mse=2.8385 test_mae=1.2969 domain_test_mae=1.2431 domain_acc_within_2.5=88.60%
00:35:21 | INFO | Selection objective: maximize DOMAIN acc_within_2.5 (fallback acc_within_2), then minimize domain_test_mae/test_mse.
00:35:21 | INFO | Blend candidate | components=['hybrid_tfidf_hgb', 'linguistic_extra_trees', 'hybrid_transformer_hgb'] weights=[0.3352, 0.3331, 0.3318] test_mae=1.2291 test_r2=0.3512
00:35:21 | INFO | Selected best candidate: hybrid_tfidf_hgb
00:35:21 | INFO | Best CV MAE: 1.2886
00:35:21 | INFO | Best CV MSE: 2.7200
00:35:21 | INFO | Best params:
00:35:21 | INFO |   - min_samples_leaf: 80
00:35:21 | INFO |   - max_iter: 200
00:35:21 | INFO |   - max_depth: None
00:35:21 | INFO |   - max_bins: 191
00:35:21 | INFO |   - learning_rate: 0.04198333390972491
00:35:21 | INFO |   - l2_regularization: 0.004175318936560405
00:35:21 | INFO | Test MSE: 2.6012
00:35:21 | INFO | Test MAE: 1.2504
00:35:21 | INFO | Test R2: 0.3300
00:35:21 | INFO | acc_within_0.5: 27.05%
00:35:21 | INFO | acc_within_1: 49.52%
00:35:21 | INFO | acc_within_2: 80.10%
00:35:21 | INFO | acc_within_2.5: 88.25%
00:35:21 | INFO | acc_within_3: 93.66%
00:35:21 | INFO | acc_within_5: 99.39%
00:35:21 | INFO | Best candidate (preview domain-aware) | mae=1.1964 r2=0.3703 acc_within_2.5=89.47%
00:35:21 | INFO | START | Train per-domain models
00:35:51 | INFO | DONE  | Train per-domain models (29.26s)
00:35:51 | INFO | Domain models | trained=8 (min_samples=250)
00:35:51 | INFO | Top domain model sizes: [('mmlu_pro', 9665), ('bbh', 4169), ('math', 1073), ('gsm8k', 1068), ('arc', 951)]
00:35:51 | INFO | Domain calibrators | trained=8
00:35:51 | INFO | START | Evaluate domain-aware fallback
00:35:51 | INFO | DONE  | Evaluate domain-aware fallback (0.08s)
00:35:51 | INFO | Domain-aware test | mae=1.2011 mse=2.4494 r2=0.3691 acc_within_2=81.06% acc_within_2.5=89.36%
00:35:51 | INFO | START | Persist predictor artifacts
00:35:52 | INFO | DONE  | Persist predictor artifacts (1.02s)
00:35:52 | INFO | START | Generate plots
00:36:25 | INFO | DONE  | Generate plots (33.19s)
00:36:25 | INFO | START | Save prediction report
00:36:25 | INFO | DONE  | Save prediction report (0.01s)
00:36:25 | INFO | START | Save metrics JSON
00:36:25 | INFO | DONE  | Save metrics JSON (0.00s)
00:36:25 | INFO | Saved model leaderboard to: reports/model_leaderboard.csv
00:36:25 | INFO | Saved artifact to: artifacts/difficulty_predictor.pkl
00:36:25 | INFO | Saved reports to: reports
00:36:25 | INFO | Total runtime: 1288.11s
